<?xml version="1.0" encoding="UTF-8"?>
<testng-results ignored="0" total="1" passed="1" failed="0" skipped="0">
  <reporter-output>
    <line>
      <![CDATA[verified]]>
    </line>
  </reporter-output>
  <suite started-at="2024-10-01T17:09:16 IST" name="Default suite" finished-at="2024-10-01T17:09:44 IST" duration-ms="27959">
    <groups>
    </groups>
    <test started-at="2024-10-01T17:09:16 IST" name="Default test" finished-at="2024-10-01T17:09:44 IST" duration-ms="27959">
      <class name="junitpkg.Dropdown">
        <test-method is-config="true" signature="setUp()[pri:0, instance:junitpkg.Dropdown@4803b726]" started-at="2024-10-01T17:09:16 IST" name="setUp" finished-at="2024-10-01T17:09:44 IST" duration-ms="27620" status="PASS">
          <reporter-output>
          </reporter-output>
        </test-method> <!-- setUp -->
        <test-method signature="test()[pri:0, instance:junitpkg.Dropdown@4803b726]" started-at="2024-10-01T17:09:44 IST" name="test" finished-at="2024-10-01T17:09:44 IST" duration-ms="294" status="PASS">
          <reporter-output>
            <line>
              <![CDATA[verified]]>
            </line>
          </reporter-output>
        </test-method> <!-- test -->
      </class> <!-- junitpkg.Dropdown -->
    </test> <!-- Default test -->
  </suite> <!-- Default suite -->
</testng-results>
